<?xml version="1.0" encoding="UTF-8"?>
<testng-results skipped="0" failed="0" ignored="0" total="3" passed="3">
  <reporter-output>
  </reporter-output>
  <suite name="Suite" duration-ms="29087" started-at="2020-05-30T11:55:08 EDT" finished-at="2020-05-30T11:55:37 EDT">
    <groups>
    </groups>
    <test name="Test" duration-ms="29087" started-at="2020-05-30T11:55:08 EDT" finished-at="2020-05-30T11:55:37 EDT">
      <class name="com.test.LoginTest">
        <test-method status="PASS" signature="setUp()[pri:0, instance:com.test.LoginTest@2d6eabae]" name="setUp" is-config="true" duration-ms="7015" started-at="2020-05-30T11:55:08 EDT" finished-at="2020-05-30T11:55:15 EDT">
          <reporter-output>
          </reporter-output>
        </test-method> <!-- setUp -->
        <test-method status="PASS" signature="emptyUsername()[pri:0, instance:com.test.LoginTest@2d6eabae]" name="emptyUsername" duration-ms="329" started-at="2020-05-30T11:55:15 EDT" finished-at="2020-05-30T11:55:16 EDT">
          <reporter-output>
          </reporter-output>
        </test-method> <!-- emptyUsername -->
        <test-method status="PASS" signature="tearDown()[pri:0, instance:com.test.LoginTest@2d6eabae]" name="tearDown" is-config="true" duration-ms="578" started-at="2020-05-30T11:55:16 EDT" finished-at="2020-05-30T11:55:16 EDT">
          <reporter-output>
          </reporter-output>
        </test-method> <!-- tearDown -->
        <test-method status="PASS" signature="setUp()[pri:0, instance:com.test.LoginTest@2d6eabae]" name="setUp" is-config="true" duration-ms="6356" started-at="2020-05-30T11:55:16 EDT" finished-at="2020-05-30T11:55:22 EDT">
          <reporter-output>
          </reporter-output>
        </test-method> <!-- setUp -->
        <test-method status="PASS" signature="invalidAdminLogin()[pri:0, instance:com.test.LoginTest@2d6eabae]" name="invalidAdminLogin" duration-ms="3002" started-at="2020-05-30T11:55:22 EDT" finished-at="2020-05-30T11:55:25 EDT">
          <reporter-output>
          </reporter-output>
        </test-method> <!-- invalidAdminLogin -->
        <test-method status="PASS" signature="tearDown()[pri:0, instance:com.test.LoginTest@2d6eabae]" name="tearDown" is-config="true" duration-ms="574" started-at="2020-05-30T11:55:25 EDT" finished-at="2020-05-30T11:55:26 EDT">
          <reporter-output>
          </reporter-output>
        </test-method> <!-- tearDown -->
        <test-method status="PASS" signature="setUp()[pri:0, instance:com.test.LoginTest@2d6eabae]" name="setUp" is-config="true" duration-ms="6371" started-at="2020-05-30T11:55:26 EDT" finished-at="2020-05-30T11:55:32 EDT">
          <reporter-output>
          </reporter-output>
        </test-method> <!-- setUp -->
        <test-method status="PASS" signature="validAdminLogin()[pri:0, instance:com.test.LoginTest@2d6eabae]" name="validAdminLogin" duration-ms="4261" started-at="2020-05-30T11:55:32 EDT" finished-at="2020-05-30T11:55:37 EDT">
          <reporter-output>
          </reporter-output>
        </test-method> <!-- validAdminLogin -->
        <test-method status="PASS" signature="tearDown()[pri:0, instance:com.test.LoginTest@2d6eabae]" name="tearDown" is-config="true" duration-ms="571" started-at="2020-05-30T11:55:37 EDT" finished-at="2020-05-30T11:55:37 EDT">
          <reporter-output>
          </reporter-output>
        </test-method> <!-- tearDown -->
      </class> <!-- com.test.LoginTest -->
    </test> <!-- Test -->
  </suite> <!-- Suite -->
</testng-results>
