<?xml version="1.0" encoding="UTF-8"?>
<!-- Generated by org.testng.reporters.JUnitXMLReporter -->
<testsuite hostname="LAPTOP-7DFPOSF2" ignored="0" name="Test" tests="3" failures="0" timestamp="2020-05-30T11:55:37 EDT" time="29.087" errors="0">
  <testcase name="emptyUsername" time="0.329" classname="com.test.LoginTest"/>
  <testcase name="invalidAdminLogin" time="3.002" classname="com.test.LoginTest"/>
  <testcase name="validAdminLogin" time="4.261" classname="com.test.LoginTest"/>
</testsuite> <!-- Test -->
